2016/13/04 20:36:38 [InitSys.go:11][I] App Start 
2016/13/04 20:36:38 [asm_amd64.s:2086][I] http server Running on :5389
2016/13/04 20:36:38 [asm_amd64.s:2086][I] Admin server Running on :8088
2016/13/04 20:36:43 [router.go:829][D] | GET        | /                                        | 2.0002ms         | notmatch   | 
2016/13/04 20:37:27 [InitSys.go:11][I] App Start 
2016/13/04 20:37:27 [asm_amd64.s:2086][I] Admin server Running on :8088
2016/13/04 20:37:27 [asm_amd64.s:2086][I] http server Running on :5389
2016/13/04 20:37:32 [default.go:12][I] index tesdt 
2016/13/04 20:37:32 [router.go:829][D] | GET        | /index.page                              | 2.0002ms         | match      | /index.page                              | 
2016/13/04 20:37:33 [default.go:12][I] index tesdt 
2016/13/04 20:37:33 [router.go:829][D] | GET        | /index.page                              | 5.0005ms         | match      | /index.page                              | 
2016/13/04 20:50:48 [default.go:12][I] index tesdt 
2016/13/04 20:50:48 [router.go:829][D] | GET        | /index.page                              | 5.0005ms         | match      | /index.page                              | 
2016/13/04 20:52:55 [default.go:12][I] index tesdt 
2016/13/04 20:52:55 [router.go:829][D] | GET        | /index.page                              | 4.0004ms         | match      | /index.page                              | 
2016/13/04 20:53:05 [default.go:12][I] index tesdt 
2016/13/04 20:53:05 [router.go:829][D] | GET        | /index.page                              | 3.0003ms         | match      | /index.page                              | 
2016/13/04 20:53:16 [default.go:12][I] index tesdt 
2016/13/04 20:53:16 [router.go:829][D] | GET        | /index.page                              | 3.0003ms         | match      | /index.page                              | 
2016/13/04 20:53:41 [default.go:12][I] index tesdt 
2016/13/04 20:53:41 [router.go:829][D] | GET        | /index.page                              | 5.0005ms         | match      | /index.page                              | 
2016/13/04 20:53:57 [default.go:12][I] index tesdt 
2016/13/04 20:53:57 [router.go:829][D] | GET        | /index.page                              | 6.0006ms         | match      | /index.page                              | 
2016/13/04 20:53:58 [default.go:12][I] index tesdt 
2016/13/04 20:53:58 [router.go:829][D] | GET        | /index.page                              | 7.0007ms         | match      | /index.page                              | 
2016/13/04 20:54:01 [default.go:12][I] index tesdt 
2016/13/04 20:54:01 [router.go:829][D] | GET        | /index.page                              | 6.0006ms         | match      | /index.page                              | 
2016/13/04 20:55:00 [default.go:12][I] index tesdt 
2016/13/04 20:55:00 [router.go:829][D] | GET        | /index.page                              | 9.0009ms         | match      | /index.page                              | 
2016/13/04 20:56:36 [default.go:12][I] index tesdt 
2016/13/04 20:56:36 [router.go:829][D] | GET        | /index.page                              | 2.0002ms         | match      | /index.page                              | 
2016/13/04 20:57:15 [default.go:12][I] index tesdt 
2016/13/04 20:57:15 [router.go:829][D] | GET        | /index.page                              | 3.0003ms         | match      | /index.page                              | 
2016/13/04 20:57:48 [default.go:12][I] index tesdt 
2016/13/04 20:57:48 [router.go:829][D] | GET        | /index.page                              | 4.0004ms         | match      | /index.page                              | 
2016/13/04 20:57:53 [default.go:12][I] index tesdt 
2016/13/04 20:57:53 [router.go:829][D] | GET        | /index.page                              | 4.0004ms         | match      | /index.page                              | 
2016/13/04 20:58:00 [default.go:12][I] index tesdt 
2016/13/04 20:58:00 [router.go:829][D] | GET        | /index.page                              | 10.001ms         | match      | /index.page                              | 
2016/13/04 20:58:17 [default.go:12][I] index tesdt 
2016/13/04 20:58:17 [router.go:829][D] | GET        | /index.page                              | 2.0002ms         | match      | /index.page                              | 
2016/13/04 20:58:18 [default.go:12][I] index tesdt 
2016/13/04 20:58:18 [router.go:829][D] | GET        | /index.page                              | 6.0006ms         | match      | /index.page                              | 
2016/13/04 20:58:18 [default.go:12][I] index tesdt 
2016/13/04 20:58:18 [router.go:829][D] | GET        | /index.page                              | 2.0002ms         | match      | /index.page                              | 
2016/13/04 20:58:18 [default.go:12][I] index tesdt 
2016/13/04 20:58:18 [router.go:829][D] | GET        | /index.page                              | 3.0003ms         | match      | /index.page                              | 
2016/13/04 20:58:29 [default.go:12][I] index tesdt 
2016/13/04 20:58:29 [router.go:829][D] | GET        | /index.page                              | 3.0003ms         | match      | /index.page                              | 
2016/13/04 20:58:30 [default.go:12][I] index tesdt 
2016/13/04 20:58:30 [router.go:829][D] | GET        | /index.page                              | 13.0013ms        | match      | /index.page                              | 
2016/13/04 20:58:30 [default.go:12][I] index tesdt 
2016/13/04 20:58:30 [router.go:829][D] | GET        | /index.page                              | 2.0002ms         | match      | /index.page                              | 
2016/13/04 20:58:30 [default.go:12][I] index tesdt 
2016/13/04 20:58:30 [router.go:829][D] | GET        | /index.page                              | 2.0002ms         | match      | /index.page                              | 
2016/13/04 20:58:30 [default.go:12][I] index tesdt 
2016/13/04 20:58:30 [router.go:829][D] | GET        | /index.page                              | 2.0002ms         | match      | /index.page                              | 
2016/13/04 20:58:31 [default.go:12][I] index tesdt 
2016/13/04 20:58:31 [router.go:829][D] | GET        | /index.page                              | 5.0005ms         | match      | /index.page                              | 
2016/13/04 20:58:48 [default.go:12][I] index tesdt 
2016/13/04 20:58:48 [router.go:829][D] | GET        | /index.page                              | 6.0006ms         | match      | /index.page                              | 
2016/13/04 20:58:49 [default.go:12][I] index tesdt 
2016/13/04 20:58:49 [router.go:829][D] | GET        | /index.page                              | 10.001ms         | match      | /index.page                              | 
2016/13/04 20:58:49 [default.go:12][I] index tesdt 
2016/13/04 20:58:49 [router.go:829][D] | GET        | /index.page                              | 3.0003ms         | match      | /index.page                              | 
2016/13/04 20:58:49 [default.go:12][I] index tesdt 
2016/13/04 20:58:49 [router.go:829][D] | GET        | /index.page                              | 3.0003ms         | match      | /index.page                              | 
2016/13/04 20:58:49 [default.go:12][I] index tesdt 
2016/13/04 20:58:49 [router.go:829][D] | GET        | /index.page                              | 8.0008ms         | match      | /index.page                              | 
2016/13/04 20:59:59 [default.go:12][I] index tesdt 
2016/13/04 20:59:59 [router.go:829][D] | GET        | /index.page                              | 4.0004ms         | match      | /index.page                              | 
2016/13/04 21:00:00 [default.go:12][I] index tesdt 
2016/13/04 21:00:00 [router.go:829][D] | GET        | /index.page                              | 7.0007ms         | match      | /index.page                              | 
2016/13/04 21:00:00 [default.go:12][I] index tesdt 
2016/13/04 21:00:00 [router.go:829][D] | GET        | /index.page                              | 2.0002ms         | match      | /index.page                              | 
2016/13/04 21:00:00 [default.go:12][I] index tesdt 
2016/13/04 21:00:00 [router.go:829][D] | GET        | /index.page                              | 3.0003ms         | match      | /index.page                              | 
2016/13/04 21:00:00 [default.go:12][I] index tesdt 
2016/13/04 21:00:00 [router.go:829][D] | GET        | /index.page                              | 6.0006ms         | match      | /index.page                              | 
2016/13/04 21:00:00 [default.go:12][I] index tesdt 
2016/13/04 21:00:00 [router.go:829][D] | GET        | /index.page                              | 9.0009ms         | match      | /index.page                              | 
2016/13/04 21:00:00 [default.go:12][I] index tesdt 
2016/13/04 21:00:00 [router.go:829][D] | GET        | /index.page                              | 3.0003ms         | match      | /index.page                              | 
2016/13/04 21:02:13 [default.go:12][I] index tesdt 
2016/13/04 21:02:13 [router.go:829][D] | GET        | /index.page                              | 2.0002ms         | match      | /index.page                              | 
2016/13/04 21:02:31 [default.go:12][I] index tesdt 
2016/13/04 21:02:31 [router.go:829][D] | GET        | /index.page                              | 8.0008ms         | match      | /index.page                              | 
2016/13/04 21:02:55 [default.go:12][I] index tesdt 
2016/13/04 21:02:55 [router.go:829][D] | GET        | /index.page                              | 5.0005ms         | match      | /index.page                              | 
2016/13/04 21:03:11 [default.go:12][I] index tesdt 
2016/13/04 21:03:11 [router.go:829][D] | GET        | /index.page                              | 4.0004ms         | match      | /index.page                              | 
2016/13/04 21:03:23 [default.go:12][I] index tesdt 
2016/13/04 21:03:23 [router.go:829][D] | GET        | /index.page                              | 17.0017ms        | match      | /index.page                              | 
2016/13/04 21:03:33 [default.go:12][I] index tesdt 
2016/13/04 21:03:33 [router.go:829][D] | GET        | /index.page                              | 11.0011ms        | match      | /index.page                              | 
2016/13/04 21:04:23 [default.go:12][I] index tesdt 
2016/13/04 21:04:23 [router.go:829][D] | GET        | /index.page                              | 4.0004ms         | match      | /index.page                              | 
2016/13/04 21:04:32 [InitSys.go:11][I] App Start 
2016/13/04 21:04:32 [asm_amd64.s:2086][I] Admin server Running on :8088
2016/13/04 21:04:32 [asm_amd64.s:2086][I] http server Running on :5389
2016/13/04 21:04:33 [default.go:12][I] index tesdt 
2016/13/04 21:04:33 [router.go:829][D] | GET        | /index.page                              | 2.0002ms         | match      | /index.page                              | 
2016/13/04 21:04:36 [default.go:12][I] index tesdt 
2016/13/04 21:04:36 [router.go:829][D] | GET        | /index.page                              | 8.0008ms         | match      | /index.page                              | 
2016/13/04 21:04:36 [default.go:12][I] index tesdt 
2016/13/04 21:04:37 [router.go:829][D] | GET        | /index.page                              | 3.0003ms         | match      | /index.page                              | 
2016/13/04 21:04:37 [default.go:12][I] index tesdt 
2016/13/04 21:04:37 [router.go:829][D] | GET        | /index.page                              | 2.0002ms         | match      | /index.page                              | 
2016/13/04 21:04:37 [default.go:12][I] index tesdt 
2016/13/04 21:04:37 [router.go:829][D] | GET        | /index.page                              | 3.0003ms         | match      | /index.page                              | 
2016/13/04 21:04:37 [default.go:12][I] index tesdt 
2016/13/04 21:04:37 [router.go:829][D] | GET        | /index.page                              | 6.0006ms         | match      | /index.page                              | 
2016/13/04 21:04:37 [default.go:12][I] index tesdt 
2016/13/04 21:04:37 [router.go:829][D] | GET        | /index.page                              | 5.0005ms         | match      | /index.page                              | 
2016/13/04 21:04:38 [default.go:12][I] index tesdt 
2016/13/04 21:04:38 [router.go:829][D] | GET        | /index.page                              | 2.0002ms         | match      | /index.page                              | 
2016/13/04 21:04:38 [default.go:12][I] index tesdt 
2016/13/04 21:04:38 [router.go:829][D] | GET        | /index.page                              | 2.0002ms         | match      | /index.page                              | 
2016/13/04 21:04:38 [default.go:12][I] index tesdt 
2016/13/04 21:04:38 [router.go:829][D] | GET        | /index.page                              | 2.0002ms         | match      | /index.page                              | 
2016/13/04 21:05:38 [default.go:12][I] index tesdt 
2016/13/04 21:05:38 [router.go:829][D] | GET        | /index.page                              | 2.0002ms         | match      | /index.page                              | 
2016/13/04 21:05:42 [default.go:12][I] index tesdt 
2016/13/04 21:05:42 [router.go:829][D] | GET        | /index.page                              | 10.001ms         | match      | /index.page                              | 
2016/13/04 21:05:50 [default.go:12][I] index tesdt 
2016/13/04 21:05:50 [router.go:829][D] | GET        | /index.page                              | 2.0002ms         | match      | /index.page                              | 
2016/13/04 21:06:01 [router.go:829][D] | GET        | /about.page                              | 10.001ms         | match      | /about.page                              | 
2016/13/04 21:06:01 [staticfile.go:51][W] Can't find/open the file:  /favicon.ico file not find 
2016/13/04 21:06:04 [router.go:829][D] | GET        | /about.page                              | 8.0008ms         | match      | /about.page                              | 
2016/13/04 21:06:12 [router.go:829][D] | GET        | /                                        | 6.0006ms         | notmatch   | 
2016/13/04 21:06:12 [staticfile.go:51][W] Can't find/open the file:  /favicon.ico file not find 
2016/13/04 21:06:15 [router.go:829][D] | GET        | /                                        | 5.0005ms         | notmatch   | 
2016/13/04 21:08:25 [default.go:12][I] index tesdt 
2016/13/04 21:08:25 [router.go:829][D] | GET        | /index.page                              | 4.0004ms         | match      | /index.page                              | 
2016/13/04 21:08:30 [default.go:12][I] index tesdt 
2016/13/04 21:08:30 [router.go:829][D] | GET        | /index.page                              | 3.0003ms         | match      | /index.page                              | 
2016/13/04 21:08:36 [default.go:12][I] index tesdt 
2016/13/04 21:08:36 [router.go:829][D] | GET        | /index.page                              | 7.0007ms         | match      | /index.page                              | 
2016/13/04 21:08:37 [default.go:12][I] index tesdt 
2016/13/04 21:08:37 [router.go:829][D] | GET        | /index.page                              | 6.0006ms         | match      | /index.page                              | 
2016/13/04 21:08:49 [default.go:12][I] index tesdt 
2016/13/04 21:08:49 [router.go:829][D] | GET        | /index.page                              | 4.0004ms         | match      | /index.page                              | 
2016/13/04 21:08:53 [router.go:829][D] | GET        | /                                        | 9.0009ms         | notmatch   | 
2016/13/04 21:08:57 [default.go:12][I] index tesdt 
2016/13/04 21:08:57 [router.go:829][D] | GET        | /index.page                              | 9.0009ms         | match      | /index.page                              | 
2016/13/04 21:08:57 [staticfile.go:51][W] Can't find/open the file:  /favicon.ico file not find 
2016/13/04 21:09:20 [default.go:12][I] index tesdt 
2016/13/04 21:09:20 [router.go:829][D] | GET        | /index.page                              | 5.0005ms         | match      | /index.page                              | 
2016/13/04 21:09:21 [default.go:12][I] index tesdt 
2016/13/04 21:09:21 [router.go:829][D] | GET        | /index.page                              | 7.0007ms         | match      | /index.page                              | 
2016/13/04 21:10:36 [default.go:12][I] index tesdt 
2016/13/04 21:10:36 [router.go:829][D] | GET        | /index.page                              | 3.0003ms         | match      | /index.page                              | 
2016/13/04 21:10:36 [default.go:12][I] index tesdt 
2016/13/04 21:10:36 [router.go:829][D] | GET        | /index.page                              | 7.0007ms         | match      | /index.page                              | 
2016/13/04 21:10:39 [default.go:12][I] index tesdt 
2016/13/04 21:10:39 [router.go:829][D] | GET        | /index.page                              | 6.0006ms         | match      | /index.page                              | 
2016/13/04 21:10:39 [default.go:12][I] index tesdt 
2016/13/04 21:10:39 [router.go:829][D] | GET        | /index.page                              | 2.0002ms         | match      | /index.page                              | 
2016/13/04 21:10:39 [default.go:12][I] index tesdt 
2016/13/04 21:10:39 [router.go:829][D] | GET        | /index.page                              | 2.0002ms         | match      | /index.page                              | 
2016/13/04 21:10:43 [InitSys.go:11][I] App Start 
2016/13/04 21:10:43 [asm_amd64.s:2086][I] http server Running on :5389
2016/13/04 21:10:43 [asm_amd64.s:2086][I] Admin server Running on :8088
2016/13/04 21:10:44 [default.go:12][I] index tesdt 
2016/13/04 21:10:44 [router.go:829][D] | GET        | /index.page                              | 5.0005ms         | match      | /index.page                              | 
2016/13/04 21:10:45 [default.go:12][I] index tesdt 
2016/13/04 21:10:45 [router.go:829][D] | GET        | /index.page                              | 3.0003ms         | match      | /index.page                              | 
2016/13/04 21:10:45 [default.go:12][I] index tesdt 
2016/13/04 21:10:45 [router.go:829][D] | GET        | /index.page                              | 2.0002ms         | match      | /index.page                              | 
2016/13/04 21:10:45 [default.go:12][I] index tesdt 
2016/13/04 21:10:45 [router.go:829][D] | GET        | /index.page                              | 2.0002ms         | match      | /index.page                              | 
2016/13/04 21:10:45 [default.go:12][I] index tesdt 
2016/13/04 21:10:45 [router.go:829][D] | GET        | /index.page                              | 4.0004ms         | match      | /index.page                              | 
2016/13/04 21:10:45 [default.go:12][I] index tesdt 
2016/13/04 21:10:45 [router.go:829][D] | GET        | /index.page                              | 5.0005ms         | match      | /index.page                              | 
2016/13/04 21:10:46 [default.go:12][I] index tesdt 
2016/13/04 21:10:46 [router.go:829][D] | GET        | /index.page                              | 2.0002ms         | match      | /index.page                              | 
2016/13/04 21:10:46 [default.go:12][I] index tesdt 
2016/13/04 21:10:46 [router.go:829][D] | GET        | /index.page                              | 3.0003ms         | match      | /index.page                              | 
2016/13/04 21:10:46 [default.go:12][I] index tesdt 
2016/13/04 21:10:46 [router.go:829][D] | GET        | /index.page                              | 3.0003ms         | match      | /index.page                              | 
2016/13/04 21:10:46 [default.go:12][I] index tesdt 
2016/13/04 21:10:46 [router.go:829][D] | GET        | /index.page                              | 3.0003ms         | match      | /index.page                              | 
2016/13/04 21:10:46 [default.go:12][I] index tesdt 
2016/13/04 21:10:46 [router.go:829][D] | GET        | /index.page                              | 4.0004ms         | match      | /index.page                              | 
2016/13/04 21:10:58 [default.go:12][I] index tesdt 
2016/13/04 21:10:58 [router.go:829][D] | GET        | /index.page                              | 6.0006ms         | match      | /index.page                              | 
2016/13/04 21:10:59 [default.go:12][I] index tesdt 
2016/13/04 21:10:59 [router.go:829][D] | GET        | /index.page                              | 12.0012ms        | match      | /index.page                              | 
2016/13/04 21:11:00 [default.go:12][I] index tesdt 
2016/13/04 21:11:00 [router.go:829][D] | GET        | /index.page                              | 5.0005ms         | match      | /index.page                              | 
2016/13/04 21:11:00 [default.go:12][I] index tesdt 
2016/13/04 21:11:00 [router.go:829][D] | GET        | /index.page                              | 6.0006ms         | match      | /index.page                              | 
2016/13/04 21:11:01 [default.go:12][I] index tesdt 
2016/13/04 21:11:01 [router.go:829][D] | GET        | /index.page                              | 14.0014ms        | match      | /index.page                              | 
2016/13/04 21:11:01 [default.go:12][I] index tesdt 
2016/13/04 21:11:01 [router.go:829][D] | GET        | /index.page                              | 7.0007ms         | match      | /index.page                              | 
2016/13/04 21:11:01 [default.go:12][I] index tesdt 
2016/13/04 21:11:01 [router.go:829][D] | GET        | /index.page                              | 3.0003ms         | match      | /index.page                              | 
2016/13/04 21:11:02 [default.go:12][I] index tesdt 
2016/13/04 21:11:02 [router.go:829][D] | GET        | /index.page                              | 9.0009ms         | match      | /index.page                              | 
2016/13/04 21:11:02 [default.go:12][I] index tesdt 
2016/13/04 21:11:02 [router.go:829][D] | GET        | /index.page                              | 2.0002ms         | match      | /index.page                              | 
2016/13/04 21:11:02 [default.go:12][I] index tesdt 
2016/13/04 21:11:02 [router.go:829][D] | GET        | /index.page                              | 8.0008ms         | match      | /index.page                              | 
2016/13/04 21:11:02 [default.go:12][I] index tesdt 
2016/13/04 21:11:02 [router.go:829][D] | GET        | /index.page                              | 3.0003ms         | match      | /index.page                              | 
2016/13/04 21:11:03 [default.go:12][I] index tesdt 
2016/13/04 21:11:03 [router.go:829][D] | GET        | /index.page                              | 4.0004ms         | match      | /index.page                              | 
2016/13/04 21:11:03 [default.go:12][I] index tesdt 
2016/13/04 21:11:03 [router.go:829][D] | GET        | /index.page                              | 3.0003ms         | match      | /index.page                              | 
2016/13/04 21:11:03 [default.go:12][I] index tesdt 
2016/13/04 21:11:03 [router.go:829][D] | GET        | /index.page                              | 7.0007ms         | match      | /index.page                              | 
2016/13/04 21:11:03 [default.go:12][I] index tesdt 
2016/13/04 21:11:03 [router.go:829][D] | GET        | /index.page                              | 4.0004ms         | match      | /index.page                              | 
2016/13/04 21:11:04 [default.go:12][I] index tesdt 
2016/13/04 21:11:04 [router.go:829][D] | GET        | /index.page                              | 8.0008ms         | match      | /index.page                              | 
2016/13/04 21:11:29 [default.go:12][I] index tesdt 
2016/13/04 21:11:29 [router.go:829][D] | GET        | /index.page                              | 6.0006ms         | match      | /index.page                              | 
2016/13/04 21:11:30 [default.go:12][I] index tesdt 
2016/13/04 21:11:30 [router.go:829][D] | GET        | /index.page                              | 7.0007ms         | match      | /index.page                              | 
2016/13/04 21:11:30 [default.go:12][I] index tesdt 
2016/13/04 21:11:30 [router.go:829][D] | GET        | /index.page                              | 3.0003ms         | match      | /index.page                              | 
2016/13/04 21:11:30 [default.go:12][I] index tesdt 
2016/13/04 21:11:30 [router.go:829][D] | GET        | /index.page                              | 3.0003ms         | match      | /index.page                              | 
2016/13/04 21:11:30 [default.go:12][I] index tesdt 
2016/13/04 21:11:30 [router.go:829][D] | GET        | /index.page                              | 5.0005ms         | match      | /index.page                              | 
2016/13/04 21:11:30 [default.go:12][I] index tesdt 
2016/13/04 21:11:30 [router.go:829][D] | GET        | /index.page                              | 2.0002ms         | match      | /index.page                              | 
2016/13/04 21:11:33 [default.go:12][I] index tesdt 
2016/13/04 21:11:33 [router.go:829][D] | GET        | /index.page                              | 3.0003ms         | match      | /index.page                              | 
2016/13/04 21:11:33 [default.go:12][I] index tesdt 
2016/13/04 21:11:33 [router.go:829][D] | GET        | /index.page                              | 11.0011ms        | match      | /index.page                              | 
2016/13/04 21:11:33 [default.go:12][I] index tesdt 
2016/13/04 21:11:33 [router.go:829][D] | GET        | /index.page                              | 2.0002ms         | match      | /index.page                              | 
2016/13/04 21:11:33 [default.go:12][I] index tesdt 
2016/13/04 21:11:33 [router.go:829][D] | GET        | /index.page                              | 2.0002ms         | match      | /index.page                              | 
2016/13/04 21:11:59 [default.go:12][I] index tesdt 
2016/13/04 21:11:59 [router.go:829][D] | GET        | /index.page                              | 3.0003ms         | match      | /index.page                              | 
2016/13/04 21:12:27 [default.go:12][I] index tesdt 
2016/13/04 21:12:27 [router.go:829][D] | GET        | /index.page                              | 10.001ms         | match      | /index.page                              | 
2016/13/04 21:12:28 [default.go:12][I] index tesdt 
2016/13/04 21:12:28 [router.go:829][D] | GET        | /index.page                              | 4.0004ms         | match      | /index.page                              | 
2016/13/04 21:12:28 [default.go:12][I] index tesdt 
2016/13/04 21:12:28 [router.go:829][D] | GET        | /index.page                              | 4.0004ms         | match      | /index.page                              | 
2016/13/04 21:13:32 [default.go:12][I] index tesdt 
2016/13/04 21:13:32 [router.go:829][D] | GET        | /index.page                              | 6.0006ms         | match      | /index.page                              | 
2016/13/04 21:13:33 [default.go:12][I] index tesdt 
2016/13/04 21:13:33 [router.go:829][D] | GET        | /index.page                              | 5.0005ms         | match      | /index.page                              | 
2016/13/04 21:13:33 [default.go:12][I] index tesdt 
2016/13/04 21:13:33 [router.go:829][D] | GET        | /index.page                              | 5.0005ms         | match      | /index.page                              | 
2016/13/04 21:13:33 [default.go:12][I] index tesdt 
2016/13/04 21:13:33 [router.go:829][D] | GET        | /index.page                              | 2.0002ms         | match      | /index.page                              | 
2016/13/04 21:13:39 [default.go:12][I] index tesdt 
2016/13/04 21:13:39 [router.go:829][D] | GET        | /index.page                              | 2.0002ms         | match      | /index.page                              | 
2016/13/04 21:13:47 [default.go:12][I] index tesdt 
2016/13/04 21:13:47 [router.go:829][D] | GET        | /index.page                              | 4.0004ms         | match      | /index.page                              | 
2016/13/04 21:14:08 [default.go:12][I] index tesdt 
2016/13/04 21:14:08 [router.go:829][D] | GET        | /index.page                              | 7.0007ms         | match      | /index.page                              | 
2016/13/04 21:14:24 [default.go:12][I] index tesdt 
2016/13/04 21:14:24 [router.go:829][D] | GET        | /index.page                              | 5.0005ms         | match      | /index.page                              | 
2016/13/04 21:17:24 [default.go:12][I] index tesdt 
2016/13/04 21:17:24 [router.go:829][D] | GET        | /index.page                              | 8.0008ms         | match      | /index.page                              | 
2016/13/04 21:17:38 [default.go:12][I] index tesdt 
2016/13/04 21:17:38 [router.go:829][D] | GET        | /index.page                              | 5.0005ms         | match      | /index.page                              | 
2016/13/04 21:21:34 [default.go:12][I] index tesdt 
2016/13/04 21:21:34 [router.go:829][D] | GET        | /index.page                              | 3.0003ms         | match      | /index.page                              | 
2016/13/04 21:37:37 [InitSys.go:11][I] App Start 
2016/13/04 21:37:37 [asm_amd64.s:2086][I] http server Running on :5389
2016/13/04 21:37:37 [asm_amd64.s:2086][I] Admin server Running on :8088
2016/13/04 21:38:00 [InitSys.go:11][I] App Start 
2016/13/04 21:38:00 [asm_amd64.s:2086][I] Admin server Running on :8088
2016/13/04 21:38:00 [asm_amd64.s:2086][I] http server Running on :5389
2016/13/04 21:38:07 [InitSys.go:11][I] App Start 
2016/13/04 21:38:07 [asm_amd64.s:2086][I] Admin server Running on :8088
2016/13/04 21:38:07 [asm_amd64.s:2086][I] http server Running on :5389
2016/13/04 21:38:30 [InitSys.go:11][I] App Start 
2016/13/04 21:38:30 [asm_amd64.s:2086][I] Admin server Running on :8088
2016/13/04 21:38:30 [asm_amd64.s:2086][I] http server Running on :5389
2016/13/04 21:38:52 [InitSys.go:12][I] App Start 
2016/13/04 21:38:52 [asm_amd64.s:2086][I] Admin server Running on :8088
2016/13/04 21:38:52 [asm_amd64.s:2086][I] http server Running on :5389
2016/13/04 21:40:03 [InitSys.go:12][I] App Start 
2016/13/04 21:41:45 [InitSys.go:12][I] App Start 
2016/13/04 21:43:46 [InitSys.go:12][I] App Start 
2016/13/04 21:43:46 [InitConfig.go:18][I] [0xc04200fe60 0xc04200fec0 0xc042074120 0xc042074180 0xc04200ff20 0xc04200ff80 0xc042074000 0xc042074060 0xc0420740c0 0xc0420741e0 0xc042074240 0xc0420742a0 0xc042074300 0xc042074360 0xc0420743c0 0xc042074420 0xc042074480 0xc0420744e0] <nil> 
2016/13/04 21:44:45 [InitSys.go:12][I] App Start 
2016/13/04 21:46:37 [InitSys.go:12][I] App Start 
2016/13/04 21:48:01 [InitSys.go:12][I] App Start 
2016/13/04 21:48:28 [InitSys.go:12][I] App Start 
2016/13/04 21:48:57 [InitSys.go:12][I] App Start 
2016/13/04 21:48:57 [InitConfig.go:32][E] json: Unmarshal(nil) 
2016/13/04 21:49:53 [InitSys.go:12][I] App Start 
2016/13/04 21:49:53 [InitConfig.go:32][E] json: Unmarshal(nil) 
2016/13/04 21:50:36 [InitSys.go:12][I] App Start 
2016/13/04 21:50:36 [InitConfig.go:33][E] json: Unmarshal(nil) 
2016/13/04 21:52:34 [InitSys.go:12][I] App Start 
2016/13/04 21:52:34 [InitConfig.go:33][E] json: Unmarshal(nil) 
2016/13/04 21:53:29 [InitSys.go:12][I] App Start 
2016/13/04 21:53:29 [InitConfig.go:35][E] json: Unmarshal(nil) 
2016/13/04 21:53:56 [InitSys.go:12][I] App Start 
2016/13/04 21:53:56 [InitConfig.go:34][E] json: Unmarshal(nil) 
2016/13/04 21:54:20 [InitSys.go:12][I] App Start 
2016/13/04 21:55:11 [InitSys.go:12][I] App Start 
2016/13/04 21:55:11 [InitConfig.go:26][E] json: Unmarshal(nil) 
2016/13/04 21:55:29 [InitSys.go:12][I] App Start 
2016/13/04 21:55:29 [InitConfig.go:27][E] json: Unmarshal(nil) 
2016/13/04 21:56:11 [InitSys.go:12][I] App Start 
2016/13/04 21:56:11 [InitConfig.go:27][E] json: Unmarshal(nil) 
2016/13/04 21:59:26 [InitSys.go:12][I] App Start 
2016/13/04 21:59:26 [InitConfig.go:27][E] json: Unmarshal(nil) 
2016/13/04 22:00:54 [InitSys.go:12][I] App Start 
2016/13/04 22:00:54 [InitConfig.go:25][E] json: Unmarshal(nil) 
2016/13/04 22:02:03 [InitSys.go:12][I] App Start 
2016/13/04 22:02:03 [InitConfig.go:25][E] json: Unmarshal(nil) 
2016/13/04 22:02:21 [InitSys.go:12][I] App Start 
2016/13/04 22:02:21 [InitConfig.go:25][E] json: Unmarshal(nil) 
2016/13/04 22:05:58 [InitSys.go:12][I] App Start 
2016/13/04 22:05:58 [asm_amd64.s:2086][I] http server Running on :5389
2016/13/04 22:05:58 [asm_amd64.s:2086][I] Admin server Running on :8088
2016/13/04 22:07:39 [default.go:12][I] index tesdt 
2016/13/04 22:07:39 [router.go:829][D] | GET        | /index.page                              | 4.0004ms         | match      | /index.page                              | 
